<?xml version="1.0" encoding="UTF-8"?>
<!-- Generated by org.testng.reporters.JUnitReportReporter -->
<testsuite skipped="0" hostname="HMECL001441" name="com.mercurytours.testcases.ValidateLogin" tests="1" failures="0" timestamp="25 Jan 2019 09:27:01 GMT" time="8.976" errors="0">
  <testcase name="checkValidLogin" time="8.976" classname="com.mercurytours.testcases.ValidateLogin"/>
</testsuite> <!-- com.mercurytours.testcases.ValidateLogin -->
