<?xml version="1.0" encoding="UTF-8"?>
<!-- Generated by org.testng.reporters.JUnitReportReporter -->
<testsuite skipped="0" hostname="HMECL001441" name="com.wordpress.testcases.ValidateWordpressPost" tests="1" failures="0" timestamp="09 Jan 2019 11:54:54 GMT" time="33.777" errors="0">
  <testcase name="validatePost" time="33.777" classname="com.wordpress.testcases.ValidateWordpressPost"/>
</testsuite> <!-- com.wordpress.testcases.ValidateWordpressPost -->
