<?xml version="1.0" encoding="UTF-8"?>
<!-- Generated by org.testng.reporters.JUnitReportReporter -->
<testsuite skipped="0" hostname="HMECL001441" name="com.wordpress.testcases.ValidateWordPressLogin" tests="1" failures="0" timestamp="09 Jan 2019 11:47:33 GMT" time="7.567" errors="0">
  <testcase name="verifylogin" time="7.567" classname="com.wordpress.testcases.ValidateWordPressLogin"/>
</testsuite> <!-- com.wordpress.testcases.ValidateWordPressLogin -->
